0 info it worked if it ends with ok
1 verbose cli [ '/home/blixa/.nvm/v0.10.36/bin/node',
1 verbose cli   '/home/blixa/.nvm/v0.10.36/bin/npm',
1 verbose cli   'install',
1 verbose cli   '--save',
1 verbose cli   'express-io' ]
2 info using npm@1.4.28
3 info using node@v0.10.36
4 verbose readDependencies using package.json deps
5 verbose cache add [ 'express-io', null ]
6 verbose cache add name=undefined spec="express-io" args=["express-io",null]
7 verbose parsed url { protocol: null,
7 verbose parsed url   slashes: null,
7 verbose parsed url   auth: null,
7 verbose parsed url   host: null,
7 verbose parsed url   port: null,
7 verbose parsed url   hostname: null,
7 verbose parsed url   hash: null,
7 verbose parsed url   search: null,
7 verbose parsed url   query: null,
7 verbose parsed url   pathname: 'express-io',
7 verbose parsed url   path: 'express-io',
7 verbose parsed url   href: 'express-io' }
8 silly lockFile 0c9f1e57-express-io express-io
9 verbose lock express-io /home/blixa/.npm/0c9f1e57-express-io.lock
10 silly lockFile 0c9f1e57-express-io express-io
11 silly lockFile 0c9f1e57-express-io express-io
12 verbose addNamed [ 'express-io', '' ]
13 verbose addNamed [ null, '*' ]
14 silly lockFile 883bfe6e-express-io express-io@
15 verbose lock express-io@ /home/blixa/.npm/883bfe6e-express-io.lock
16 silly addNameRange { name: 'express-io', range: '*', hasData: false }
17 verbose request where is /express-io
18 verbose request registry https://registry.npmjs.org/
19 verbose request id 946b3c7218680760
20 verbose url raw /express-io
21 verbose url resolving [ 'https://registry.npmjs.org/', './express-io' ]
22 verbose url resolved https://registry.npmjs.org/express-io
23 verbose request where is https://registry.npmjs.org/express-io
24 info trying registry request attempt 1 at 23:26:15
25 http GET https://registry.npmjs.org/express-io
26 http 404 https://registry.npmjs.org/express-io
27 verbose headers { date: 'Wed, 18 Feb 2015 05:26:16 GMT',
27 verbose headers   server: 'CouchDB/1.5.0 (Erlang OTP/R16B03)',
27 verbose headers   'content-type': 'application/json',
27 verbose headers   'cache-control': 'max-age=0',
27 verbose headers   'content-length': '52',
27 verbose headers   'accept-ranges': 'bytes',
27 verbose headers   via: '1.1 varnish',
27 verbose headers   age: '0',
27 verbose headers   'x-served-by': 'cache-ord1735-ORD',
27 verbose headers   'x-cache': 'MISS',
27 verbose headers   'x-cache-hits': '0',
27 verbose headers   'x-timer': 'S1424237176.069102,VS0,VE271',
27 verbose headers   'keep-alive': 'timeout=10, max=50',
27 verbose headers   connection: 'Keep-Alive' }
28 silly registry.get cb [ 404,
28 silly registry.get   { date: 'Wed, 18 Feb 2015 05:26:16 GMT',
28 silly registry.get     server: 'CouchDB/1.5.0 (Erlang OTP/R16B03)',
28 silly registry.get     'content-type': 'application/json',
28 silly registry.get     'cache-control': 'max-age=0',
28 silly registry.get     'content-length': '52',
28 silly registry.get     'accept-ranges': 'bytes',
28 silly registry.get     via: '1.1 varnish',
28 silly registry.get     age: '0',
28 silly registry.get     'x-served-by': 'cache-ord1735-ORD',
28 silly registry.get     'x-cache': 'MISS',
28 silly registry.get     'x-cache-hits': '0',
28 silly registry.get     'x-timer': 'S1424237176.069102,VS0,VE271',
28 silly registry.get     'keep-alive': 'timeout=10, max=50',
28 silly registry.get     connection: 'Keep-Alive' } ]
29 silly lockFile 883bfe6e-express-io express-io@
30 silly lockFile 883bfe6e-express-io express-io@
31 error 404 404 Not Found: express-io
31 error 404
31 error 404 'express-io' is not in the npm registry.
31 error 404 You should bug the author to publish it
31 error 404 It was specified as a dependency of 'devQuest'
31 error 404
31 error 404 Note that you can also install from a
31 error 404 tarball, folder, or http url, or git url.
32 error System Linux 3.16.0-28-generic
33 error command "/home/blixa/.nvm/v0.10.36/bin/node" "/home/blixa/.nvm/v0.10.36/bin/npm" "install" "--save" "express-io"
34 error cwd /home/blixa/src/devQuest/src/server
35 error node -v v0.10.36
36 error npm -v 1.4.28
37 error code E404
38 verbose exit [ 1, true ]
